SF:lib/app/provider/products.dart
DA:11,2
DA:20,1
DA:21,2
DA:22,1
LF:4
LH:4
end_of_record
SF:lib/app/provider/products_provider.dart
DA:40,1
DA:41,2
DA:44,1
DA:45,5
DA:48,1
DA:49,5
DA:52,1
DA:53,1
DA:54,2
DA:55,1
DA:56,1
DA:57,1
DA:58,1
DA:59,2
DA:60,1
DA:63,1
DA:64,5
DA:65,1
DA:66,2
DA:67,1
DA:71,1
DA:72,5
DA:73,1
LF:23
LH:23
end_of_record
SF:lib/app/provider/cart.dart
DA:9,2
DA:15,1
DA:16,2
DA:19,1
DA:20,2
DA:23,1
DA:25,3
DA:26,4
DA:31,1
DA:32,2
DA:33,2
DA:35,1
DA:36,6
DA:38,4
DA:40,1
DA:43,1
DA:44,2
DA:45,1
DA:48,1
DA:49,2
DA:53,4
DA:54,2
DA:56,2
DA:57,1
DA:58,1
DA:59,2
DA:60,1
DA:64,2
DA:66,1
DA:69,1
DA:70,2
DA:71,1
LF:32
LH:32
end_of_record
SF:lib/app/provider/orders.dart
DA:11,1
DA:22,1
DA:23,2
DA:26,1
DA:27,2
DA:30,1
DA:31,2
DA:33,1
DA:34,2
DA:36,1
DA:40,1
LF:11
LH:11
end_of_record
